[INFO  - 2017-03-18T15:36:22.609Z] GhostDriver - Main - running on port 23810
[INFO  - 2017-03-18T15:36:23.186Z] Session [a4211ea0-0bf0-11e7-a26a-8db7101e6a77] - page.settings - {"XSSAuditingEnabled":false,"javascriptCanCloseWindows":true,"javascriptCanOpenWindows":true,"javascriptEnabled":true,"loadImages":true,"localToRemoteUrlAccessEnabled":false,"userAgent":"Mozilla/5.0 (Macintosh; Intel Mac OS X) AppleWebKit/538.1 (KHTML, like Gecko) PhantomJS/2.1.1 Safari/538.1","webSecurityEnabled":true}
[INFO  - 2017-03-18T15:36:23.186Z] Session [a4211ea0-0bf0-11e7-a26a-8db7101e6a77] - page.customHeaders:  - {}
[INFO  - 2017-03-18T15:36:23.186Z] Session [a4211ea0-0bf0-11e7-a26a-8db7101e6a77] - Session.negotiatedCapabilities - {"browserName":"phantomjs","version":"2.1.1","driverName":"ghostdriver","driverVersion":"1.2.0","platform":"mac-unknown-64bit","javascriptEnabled":true,"takesScreenshot":true,"handlesAlerts":false,"databaseEnabled":false,"locationContextEnabled":false,"applicationCacheEnabled":false,"browserConnectionEnabled":false,"cssSelectorsEnabled":true,"webStorageEnabled":false,"rotatable":false,"acceptSslCerts":false,"nativeEvents":true,"proxy":{"proxyType":"direct"}}
[INFO  - 2017-03-18T15:36:23.186Z] SessionManagerReqHand - _postNewSessionCommand - New Session Created: a4211ea0-0bf0-11e7-a26a-8db7101e6a77
[INFO  - 2017-03-18T15:36:23.817Z] ShutdownReqHand - _handle - About to shutdown
[INFO  - 2017-03-18T15:43:23.529Z] GhostDriver - Main - running on port 20283
[INFO  - 2017-03-18T15:43:24.296Z] Session [9f1f6c30-0bf1-11e7-8cbd-fd4d20c402c9] - page.settings - {"XSSAuditingEnabled":false,"javascriptCanCloseWindows":true,"javascriptCanOpenWindows":true,"javascriptEnabled":true,"loadImages":true,"localToRemoteUrlAccessEnabled":false,"userAgent":"Mozilla/5.0 (Macintosh; Intel Mac OS X) AppleWebKit/538.1 (KHTML, like Gecko) PhantomJS/2.1.1 Safari/538.1","webSecurityEnabled":true}
[INFO  - 2017-03-18T15:43:24.296Z] Session [9f1f6c30-0bf1-11e7-8cbd-fd4d20c402c9] - page.customHeaders:  - {}
[INFO  - 2017-03-18T15:43:24.296Z] Session [9f1f6c30-0bf1-11e7-8cbd-fd4d20c402c9] - Session.negotiatedCapabilities - {"browserName":"phantomjs","version":"2.1.1","driverName":"ghostdriver","driverVersion":"1.2.0","platform":"mac-unknown-64bit","javascriptEnabled":true,"takesScreenshot":true,"handlesAlerts":false,"databaseEnabled":false,"locationContextEnabled":false,"applicationCacheEnabled":false,"browserConnectionEnabled":false,"cssSelectorsEnabled":true,"webStorageEnabled":false,"rotatable":false,"acceptSslCerts":false,"nativeEvents":true,"proxy":{"proxyType":"direct"}}
[INFO  - 2017-03-18T15:43:24.296Z] SessionManagerReqHand - _postNewSessionCommand - New Session Created: 9f1f6c30-0bf1-11e7-8cbd-fd4d20c402c9
[INFO  - 2017-03-18T15:43:25.318Z] ShutdownReqHand - _handle - About to shutdown
[INFO  - 2017-03-18T16:57:09.096Z] GhostDriver - Main - running on port 19029
[INFO  - 2017-03-18T16:57:09.536Z] Session [ecc77180-0bfb-11e7-92c7-0b9aabd0ffa9] - page.settings - {"XSSAuditingEnabled":false,"javascriptCanCloseWindows":true,"javascriptCanOpenWindows":true,"javascriptEnabled":true,"loadImages":true,"localToRemoteUrlAccessEnabled":false,"userAgent":"Mozilla/5.0 (Macintosh; Intel Mac OS X) AppleWebKit/538.1 (KHTML, like Gecko) PhantomJS/2.1.1 Safari/538.1","webSecurityEnabled":true}
[INFO  - 2017-03-18T16:57:09.536Z] Session [ecc77180-0bfb-11e7-92c7-0b9aabd0ffa9] - page.customHeaders:  - {}
[INFO  - 2017-03-18T16:57:09.536Z] Session [ecc77180-0bfb-11e7-92c7-0b9aabd0ffa9] - Session.negotiatedCapabilities - {"browserName":"phantomjs","version":"2.1.1","driverName":"ghostdriver","driverVersion":"1.2.0","platform":"mac-unknown-64bit","javascriptEnabled":true,"takesScreenshot":true,"handlesAlerts":false,"databaseEnabled":false,"locationContextEnabled":false,"applicationCacheEnabled":false,"browserConnectionEnabled":false,"cssSelectorsEnabled":true,"webStorageEnabled":false,"rotatable":false,"acceptSslCerts":false,"nativeEvents":true,"proxy":{"proxyType":"direct"}}
[INFO  - 2017-03-18T16:57:09.536Z] SessionManagerReqHand - _postNewSessionCommand - New Session Created: ecc77180-0bfb-11e7-92c7-0b9aabd0ffa9
[INFO  - 2017-03-18T16:57:10.318Z] ShutdownReqHand - _handle - About to shutdown
[INFO  - 2017-03-19T13:54:35.363Z] GhostDriver - Main - running on port 8189
[INFO  - 2017-03-19T13:54:35.606Z] Session [962445f0-0cab-11e7-ad6d-1d18259017b2] - page.settings - {"XSSAuditingEnabled":false,"javascriptCanCloseWindows":true,"javascriptCanOpenWindows":true,"javascriptEnabled":true,"loadImages":true,"localToRemoteUrlAccessEnabled":false,"userAgent":"Mozilla/5.0 (Windows NT 6.2; WOW64) AppleWebKit/538.1 (KHTML, like Gecko) PhantomJS/2.1.1 Safari/538.1","webSecurityEnabled":true}
[INFO  - 2017-03-19T13:54:35.606Z] Session [962445f0-0cab-11e7-ad6d-1d18259017b2] - page.customHeaders:  - {}
[INFO  - 2017-03-19T13:54:35.606Z] Session [962445f0-0cab-11e7-ad6d-1d18259017b2] - Session.negotiatedCapabilities - {"browserName":"phantomjs","version":"2.1.1","driverName":"ghostdriver","driverVersion":"1.2.0","platform":"windows-10-32bit","javascriptEnabled":true,"takesScreenshot":true,"handlesAlerts":false,"databaseEnabled":false,"locationContextEnabled":false,"applicationCacheEnabled":false,"browserConnectionEnabled":false,"cssSelectorsEnabled":true,"webStorageEnabled":false,"rotatable":false,"acceptSslCerts":false,"nativeEvents":true,"proxy":{"proxyType":"direct"}}
[INFO  - 2017-03-19T13:54:35.607Z] SessionManagerReqHand - _postNewSessionCommand - New Session Created: 962445f0-0cab-11e7-ad6d-1d18259017b2
[INFO  - 2017-03-19T13:54:38.837Z] ShutdownReqHand - _handle - About to shutdown
[INFO  - 2017-03-19T13:54:42.623Z] GhostDriver - Main - running on port 48495
[INFO  - 2017-03-19T13:54:43.216Z] Session [9aab2da0-0cab-11e7-a70a-8fd82f881121] - page.settings - {"XSSAuditingEnabled":false,"javascriptCanCloseWindows":true,"javascriptCanOpenWindows":true,"javascriptEnabled":true,"loadImages":true,"localToRemoteUrlAccessEnabled":false,"userAgent":"Mozilla/5.0 (Windows NT 6.2; WOW64) AppleWebKit/538.1 (KHTML, like Gecko) PhantomJS/2.1.1 Safari/538.1","webSecurityEnabled":true}
[INFO  - 2017-03-19T13:54:43.217Z] Session [9aab2da0-0cab-11e7-a70a-8fd82f881121] - page.customHeaders:  - {}
[INFO  - 2017-03-19T13:54:43.218Z] Session [9aab2da0-0cab-11e7-a70a-8fd82f881121] - Session.negotiatedCapabilities - {"browserName":"phantomjs","version":"2.1.1","driverName":"ghostdriver","driverVersion":"1.2.0","platform":"windows-10-32bit","javascriptEnabled":true,"takesScreenshot":true,"handlesAlerts":false,"databaseEnabled":false,"locationContextEnabled":false,"applicationCacheEnabled":false,"browserConnectionEnabled":false,"cssSelectorsEnabled":true,"webStorageEnabled":false,"rotatable":false,"acceptSslCerts":false,"nativeEvents":true,"proxy":{"proxyType":"direct"}}
[INFO  - 2017-03-19T13:54:43.220Z] SessionManagerReqHand - _postNewSessionCommand - New Session Created: 9aab2da0-0cab-11e7-a70a-8fd82f881121
